<?xml version="1.0" encoding="UTF-8"?>
<!-- Generated by org.testng.reporters.JUnitReportReporter -->
<testsuite hostname="LAPTOP-G9RE70VK" failures="0" tests="1" name="TestScripts.EmployeeModules" time="2.152" errors="0" timestamp="2022-09-30T20:22:13 IST" skipped="0">
  <testcase classname="TestScripts.EmployeeModules" name="employee" time="2.152"/>
  <system-out/>
</testsuite> <!-- TestScripts.EmployeeModules -->
