<?xml version="1.0" encoding="UTF-8"?>
<!-- Generated by org.testng.reporters.JUnitReportReporter -->
<testsuite hostname="LAPTOP-G9RE70VK" failures="0" tests="1" name="TestScripts.EmployeeModulesTest" time="3.341" errors="0" timestamp="2022-10-02T17:52:35 IST" skipped="0">
  <testcase classname="TestScripts.EmployeeModulesTest" name="employeetest" time="3.341"/>
  <system-out/>
</testsuite> <!-- TestScripts.EmployeeModulesTest -->
